app/build/outputs/logs/manifest-merger-debug-report.txt
-- Merging decision tree log ---
manifest
ADDED from src/main/AndroidManifest.xml:2:1-46:12
	package
		ADDED from src/main/AndroidManifest.xml:3:5-43
		INJECTED from src/main/AndroidManifest.xml
		INJECTED from src/main/AndroidManifest.xml
	android:versionName
		ADDED from src/main/AndroidManifest.xml:5:5-30
	android:versionCode
		ADDED from src/main/AndroidManifest.xml:4:5-28
		INJECTED from src/main/AndroidManifest.xml
		INJECTED from src/main/AndroidManifest.xml
	xmlns:android
		ADDED from src/main/AndroidManifest.xml:2:11-69
uses-sdk
ADDED from src/main/AndroidManifest.xml:7:5-43
MERGED from [com.android.support:appcompat-v7:21.0.3] AndroidManifest.xml:15:5-42
MERGED from [com.android.support:support-v4:21.0.3] AndroidManifest.xml:15:5-42
	android:targetSdkVersion
		INJECTED from src/main/AndroidManifest.xml
		INJECTED from src/main/AndroidManifest.xml
	android:minSdkVersion
		ADDED from src/main/AndroidManifest.xml:7:15-40
		INJECTED from src/main/AndroidManifest.xml
		INJECTED from src/main/AndroidManifest.xml
uses-permission#android.permission.VIBRATE
ADDED from src/main/AndroidManifest.xml:9:5-66
	android:name
		ADDED from src/main/AndroidManifest.xml:9:22-63
android:uses-permission#android.permission.WRITE_EXTERNAL_STORAGE
ADDED from src/main/AndroidManifest.xml:11:5-13:38
	android:maxSdkVersion
		ADDED from src/main/AndroidManifest.xml:13:9-35
	android:name
		ADDED from src/main/AndroidManifest.xml:12:9-65
android:uses-permission#android.permission.READ_PHONE_STATE
ADDED from src/main/AndroidManifest.xml:14:5-83
	android:name
		ADDED from src/main/AndroidManifest.xml:14:30-80
android:uses-permission#android.permission.READ_EXTERNAL_STORAGE
ADDED from src/main/AndroidManifest.xml:15:5-17:38
	android:maxSdkVersion
		ADDED from src/main/AndroidManifest.xml:17:9-35
	android:name
		ADDED from src/main/AndroidManifest.xml:16:9-64
application
ADDED from src/main/AndroidManifest.xml:19:5-44:19
MERGED from [com.android.support:appcompat-v7:21.0.3] AndroidManifest.xml:16:5-19
MERGED from [com.android.support:support-v4:21.0.3] AndroidManifest.xml:16:5-19
	android:label
		ADDED from src/main/AndroidManifest.xml:21:9-41
	android:icon
		ADDED from src/main/AndroidManifest.xml:20:9-38
activity#jp.co.spookies.android.alarm.Config
ADDED from src/main/AndroidManifest.xml:22:9-25:20
	android:label
		ADDED from src/main/AndroidManifest.xml:24:13-45
	android:name
		ADDED from src/main/AndroidManifest.xml:23:13-63
activity#jp.co.spookies.android.alarm.AlarmActivity
ADDED from src/main/AndroidManifest.xml:26:9-36:20
	android:launchMode
		ADDED from src/main/AndroidManifest.xml:29:13-43
	android:configChanges
		ADDED from src/main/AndroidManifest.xml:28:13-63
	android:theme
		ADDED from src/main/AndroidManifest.xml:30:13-71
	android:name
		ADDED from src/main/AndroidManifest.xml:27:13-70
intent-filter#android.intent.action.MAIN+android.intent.category.LAUNCHER
ADDED from src/main/AndroidManifest.xml:31:13-35:29
action#android.intent.action.MAIN
ADDED from src/main/AndroidManifest.xml:32:17-69
	android:name
		ADDED from src/main/AndroidManifest.xml:32:25-66
category#android.intent.category.LAUNCHER
ADDED from src/main/AndroidManifest.xml:34:17-77
	android:name
		ADDED from src/main/AndroidManifest.xml:34:27-74
service#jp.co.spookies.android.alarm.BellService
ADDED from src/main/AndroidManifest.xml:38:9-76
	android:name
		ADDED from src/main/AndroidManifest.xml:38:18-73
activity#jp.co.spookies.android.alarm.setting
ADDED from src/main/AndroidManifest.xml:40:9-43:20
	android:label
		ADDED from src/main/AndroidManifest.xml:42:13-59
	android:name
		ADDED from src/main/AndroidManifest.xml:41:13-64